2026-02-04 04:45:45,939 - INFO - ============================================================
2026-02-04 04:45:45,939 - INFO - Mega MU Hybrid Collector - SELECTIVE MODE
2026-02-04 04:45:45,939 - INFO - ============================================================
2026-02-04 04:45:48,079 - INFO - Database connection established
2026-02-04 04:45:48,501 - INFO - Starting SELECTIVE collection...
2026-02-04 04:45:48,770 - INFO - Monitoring 1 items: ['Jewel of Chaos']
2026-02-04 04:45:48,770 - INFO - Opening market...
2026-02-04 04:45:51,646 - INFO - Will scan 20 shops total
2026-02-04 04:45:51,647 - INFO - 
--- Batch 1: Shops 1-5 ---
2026-02-04 04:45:51,647 - INFO - 
Scanning shop 1/20...
2026-02-04 04:45:51,648 - INFO - Clicking shop at position: X=747, Y=668
2026-02-04 04:45:55,654 - INFO - Scanning 8x4=32 slots at (570,651)
2026-02-04 04:46:26,156 - ERROR - Error scanning shop 1: 'NoneType' object has no attribute 'lower'
2026-02-04 04:46:26,158 - INFO - 
Scanning shop 2/20...
2026-02-04 04:46:26,188 - INFO - Clicking shop at position: X=747, Y=708
2026-02-04 04:46:30,272 - INFO - Scanning 8x4=32 slots at (570,651)
2026-02-04 04:46:33,171 - ERROR - Error scanning shop 2: 'NoneType' object has no attribute 'lower'
2026-02-04 04:46:33,173 - INFO - 
Scanning shop 3/20...
2026-02-04 04:46:33,173 - INFO - Clicking shop at position: X=747, Y=748
2026-02-04 04:46:37,222 - INFO - Scanning 8x4=32 slots at (570,651)
2026-02-04 04:46:51,192 - ERROR - Error scanning shop 3: 'NoneType' object has no attribute 'lower'
2026-02-04 04:46:51,196 - INFO - 
Scanning shop 4/20...
2026-02-04 04:46:51,196 - INFO - Clicking shop at position: X=747, Y=788
2026-02-04 04:46:55,228 - INFO - Scanning 8x4=32 slots at (570,651)
2026-02-04 04:47:18,430 - ERROR - Error scanning shop 4: 'NoneType' object has no attribute 'lower'
2026-02-04 04:47:18,430 - INFO - 
Scanning shop 5/20...
2026-02-04 04:47:18,431 - INFO - Clicking shop at position: X=747, Y=828
2026-02-04 04:47:22,520 - INFO - Scanning 8x4=32 slots at (570,651)
